{"meta": {"format": 2, "version": "7.4.4", "timestamp": "2024-03-27T18:03:39.949497", "branch_coverage": true, "show_contexts": false}, "files": {"poly_llm\\to_test\\separate_paren_groups.py": {"executed_lines": [11, 12, 13, 15, 16, 17, 18, 19, 20, 21, 23, 24, 25, 27], "summary": {"covered_lines": 14, "num_statements": 16, "percent_covered": 91.66666666666667, "percent_covered_display": "92", "missing_lines": 2, "excluded_lines": 3, "num_branches": 8, "num_partial_branches": 0, "covered_branches": 8, "missing_branches": 0}, "missing_lines": [1, 3], "excluded_lines": [29, 30, 33], "executed_branches": [[15, 16], [15, 27], [16, 17], [16, 19], [19, 15], [19, 20], [23, 15], [23, 24]], "missing_branches": []}, "test_generated.py": {"executed_lines": [24, 25, 26, 27, 28], "summary": {"covered_lines": 5, "num_statements": 26, "percent_covered": 19.23076923076923, "percent_covered_display": "19", "missing_lines": 21, "excluded_lines": 0, "num_branches": 0, "num_partial_branches": 0, "covered_branches": 0, "missing_branches": 0}, "missing_lines": [1, 2, 3, 4, 5, 7, 8, 9, 10, 11, 13, 14, 15, 16, 17, 18, 19, 20, 21, 22, 23], "excluded_lines": [], "executed_branches": [], "missing_branches": []}}, "totals": {"covered_lines": 19, "num_statements": 42, "percent_covered": 54.0, "percent_covered_display": "54", "missing_lines": 23, "excluded_lines": 3, "num_branches": 8, "num_partial_branches": 0, "covered_branches": 8, "missing_branches": 0}}