{"meta": {"format": 2, "version": "7.4.4", "timestamp": "2024-04-03T14:00:20.412137", "branch_coverage": true, "show_contexts": false}, "files": {"poly_llm\\to_test\\closest_integer.py": {"executed_lines": [20, 22, 24, 27, 28, 29, 30, 33, 34, 38], "summary": {"covered_lines": 10, "num_statements": 14, "percent_covered": 70.83333333333333, "percent_covered_display": "71", "missing_lines": 4, "excluded_lines": 3, "num_branches": 10, "num_partial_branches": 3, "covered_branches": 7, "missing_branches": 3}, "missing_lines": [2, 25, 32, 36], "excluded_lines": [40, 41, 42], "executed_branches": [[22, 24], [22, 27], [24, 27], [28, 29], [28, 33], [29, 30], [33, 34]], "missing_branches": [[24, 25], [29, 32], [33, 36]]}, "test_generated.py": {"executed_lines": [7, 8, 9, 10], "summary": {"covered_lines": 4, "num_statements": 10, "percent_covered": 40.0, "percent_covered_display": "40", "missing_lines": 6, "excluded_lines": 0, "num_branches": 0, "num_partial_branches": 0, "covered_branches": 0, "missing_branches": 0}, "missing_lines": [1, 2, 3, 4, 5, 6], "excluded_lines": [], "executed_branches": [], "missing_branches": []}}, "totals": {"covered_lines": 14, "num_statements": 24, "percent_covered": 61.76470588235294, "percent_covered_display": "62", "missing_lines": 10, "excluded_lines": 3, "num_branches": 10, "num_partial_branches": 3, "covered_branches": 7, "missing_branches": 3}}